# JRE version: OpenJDK Runtime Environment (8.0_152-b01) (build 1.8.0_152-release-915-b01)
# Java VM: OpenJDK 64-Bit Server VM (25.152-b01 mixed mode windows-amd64 compressed oops)
Heap:
 PSYoungGen      total 474112K, used 336511K [0x00000000e0000000, 0x0000000100000000, 0x0000000100000000)
  eden space 433152K, 70% used [0x00000000e0000000,0x00000000f2a5d5d0,0x00000000fa700000)
  from space 40960K, 75% used [0x00000000fa700000,0x00000000fc542760,0x00000000fcf00000)
  to   space 44544K, 0% used [0x00000000fd480000,0x00000000fd480000,0x0000000100000000)
 ParOldGen       total 228352K, used 126233K [0x00000000a0000000, 0x00000000adf00000, 0x00000000e0000000)
  object space 228352K, 55% used [0x00000000a0000000,0x00000000a7b46510,0x00000000adf00000)
 Metaspace       used 77985K, capacity 81810K, committed 81880K, reserved 1120256K
  class space    used 10091K, capacity 10969K, committed 11008K, reserved 1048576K
GC Heap History (10 events):
Event: 95.266 GC heap before
{Heap before GC invocations=31 (full 4):
 PSYoungGen      total 351232K, used 306688K [0x00000000e0000000, 0x00000000f8780000, 0x0000000100000000)
  eden space 306688K, 100% used [0x00000000e0000000,0x00000000f2b80000,0x00000000f2b80000)
  from space 44544K, 0% used [0x00000000f5c00000,0x00000000f5c00000,0x00000000f8780000)
  to   space 47104K, 0% used [0x00000000f2b80000,0x00000000f2b80000,0x00000000f5980000)
 ParOldGen       total 228352K, used 95898K [0x00000000a0000000, 0x00000000adf00000, 0x00000000e0000000)
  object space 228352K, 41% used [0x00000000a0000000,0x00000000a5da6bc0,0x00000000adf00000)
 Metaspace       used 77228K, capacity 80972K, committed 81240K, reserved 1120256K
  class space    used 10023K, capacity 10868K, committed 10880K, reserved 1048576K
Event: 95.291 GC heap after
Heap after GC invocations=31 (full 4):
 PSYoungGen      total 353792K, used 10819K [0x00000000e0000000, 0x00000000fbc00000, 0x0000000100000000)
  eden space 306688K, 0% used [0x00000000e0000000,0x00000000e0000000,0x00000000f2b80000)
  from space 47104K, 22% used [0x00000000f2b80000,0x00000000f3610e70,0x00000000f5980000)
  to   space 45568K, 0% used [0x00000000f8f80000,0x00000000f8f80000,0x00000000fbc00000)
 ParOldGen       total 228352K, used 95906K [0x00000000a0000000, 0x00000000adf00000, 0x00000000e0000000)
  object space 228352K, 41% used [0x00000000a0000000,0x00000000a5da8bc0,0x00000000adf00000)
 Metaspace       used 77228K, capacity 80972K, committed 81240K, reserved 1120256K
  class space    used 10023K, capacity 10868K, committed 10880K, reserved 1048576K
}
Event: 96.244 GC heap before
{Heap before GC invocations=32 (full 4):
 PSYoungGen      total 353792K, used 317507K [0x00000000e0000000, 0x00000000fbc00000, 0x0000000100000000)
  eden space 306688K, 100% used [0x00000000e0000000,0x00000000f2b80000,0x00000000f2b80000)
  from space 47104K, 22% used [0x00000000f2b80000,0x00000000f3610e70,0x00000000f5980000)
  to   space 45568K, 0% used [0x00000000f8f80000,0x00000000f8f80000,0x00000000fbc00000)
 ParOldGen       total 228352K, used 95906K [0x00000000a0000000, 0x00000000adf00000, 0x00000000e0000000)
  object space 228352K, 41% used [0x00000000a0000000,0x00000000a5da8bc0,0x00000000adf00000)
 Metaspace       used 77233K, capacity 80972K, committed 81240K, reserved 1120256K
  class space    used 10023K, capacity 10868K, committed 10880K, reserved 1048576K
Event: 96.298 GC heap after
Heap after GC invocations=32 (full 4):
 PSYoungGen      total 409600K, used 10564K [0x00000000e0000000, 0x00000000fbb00000, 0x0000000100000000)
  eden space 365056K, 0% used [0x00000000e0000000,0x00000000e0000000,0x00000000f6480000)
  from space 44544K, 23% used [0x00000000f8f80000,0x00000000f99d12b0,0x00000000fbb00000)
  to   space 44032K, 0% used [0x00000000f6480000,0x00000000f6480000,0x00000000f8f80000)
 ParOldGen       total 228352K, used 104868K [0x00000000a0000000, 0x00000000adf00000, 0x00000000e0000000)
  object space 228352K, 45% used [0x00000000a0000000,0x00000000a6669358,0x00000000adf00000)
 Metaspace       used 77233K, capacity 80972K, committed 81240K, reserved 1120256K
  class space    used 10023K, capacity 10868K, committed 10880K, reserved 1048576K
}
Event: 97.435 GC heap before
{Heap before GC invocations=33 (full 4):
 PSYoungGen      total 409600K, used 375620K [0x00000000e0000000, 0x00000000fbb00000, 0x0000000100000000)
  eden space 365056K, 100% used [0x00000000e0000000,0x00000000f6480000,0x00000000f6480000)
  from space 44544K, 23% used [0x00000000f8f80000,0x00000000f99d12b0,0x00000000fbb00000)
  to   space 44032K, 0% used [0x00000000f6480000,0x00000000f6480000,0x00000000f8f80000)
 ParOldGen       total 228352K, used 104868K [0x00000000a0000000, 0x00000000adf00000, 0x00000000e0000000)
  object space 228352K, 45% used [0x00000000a0000000,0x00000000a6669358,0x00000000adf00000)
 Metaspace       used 77248K, capacity 80976K, committed 81240K, reserved 1120256K
  class space    used 10024K, capacity 10868K, committed 10880K, reserved 1048576K
Event: 97.470 GC heap after
Heap after GC invocations=33 (full 4):
 PSYoungGen      total 409088K, used 11517K [0x00000000e0000000, 0x00000000ff880000, 0x0000000100000000)
  eden space 365056K, 0% used [0x00000000e0000000,0x00000000e0000000,0x00000000f6480000)
  from space 44032K, 26% used [0x00000000f6480000,0x00000000f6fbf430,0x00000000f8f80000)
  to   space 41984K, 0% used [0x00000000fcf80000,0x00000000fcf80000,0x00000000ff880000)
 ParOldGen       total 228352K, used 112842K [0x00000000a0000000, 0x00000000adf00000, 0x00000000e0000000)
  object space 228352K, 49% used [0x00000000a0000000,0x00000000a6e32970,0x00000000adf00000)
 Metaspace       used 77248K, capacity 80976K, committed 81240K, reserved 1120256K
  class space    used 10024K, capacity 10868K, committed 10880K, reserved 1048576K
}
Event: 98.499 GC heap before
{Heap before GC invocations=34 (full 4):
 PSYoungGen      total 409088K, used 376573K [0x00000000e0000000, 0x00000000ff880000, 0x0000000100000000)
  eden space 365056K, 100% used [0x00000000e0000000,0x00000000f6480000,0x00000000f6480000)
  from space 44032K, 26% used [0x00000000f6480000,0x00000000f6fbf430,0x00000000f8f80000)
  to   space 41984K, 0% used [0x00000000fcf80000,0x00000000fcf80000,0x00000000ff880000)
 ParOldGen       total 228352K, used 112842K [0x00000000a0000000, 0x00000000adf00000, 0x00000000e0000000)
  object space 228352K, 49% used [0x00000000a0000000,0x00000000a6e32970,0x00000000adf00000)
 Metaspace       used 77265K, capacity 81040K, committed 81240K, reserved 1120256K
  class space    used 10024K, capacity 10868K, committed 10880K, reserved 1048576K
Event: 98.543 GC heap after
Heap after GC invocations=34 (full 4):
 PSYoungGen      total 473600K, used 6560K [0x00000000e0000000, 0x00000000ff700000, 0x0000000100000000)
  eden space 433152K, 0% used [0x00000000e0000000,0x00000000e0000000,0x00000000fa700000)
  from space 40448K, 16% used [0x00000000fcf80000,0x00000000fd5e8020,0x00000000ff700000)
  to   space 40960K, 0% used [0x00000000fa700000,0x00000000fa700000,0x00000000fcf00000)
 ParOldGen       total 228352K, used 122181K [0x00000000a0000000, 0x00000000adf00000, 0x00000000e0000000)
  object space 228352K, 53% used [0x00000000a0000000,0x00000000a77514e0,0x00000000adf00000)
 Metaspace       used 77265K, capacity 81040K, committed 81240K, reserved 1120256K
  class space    used 10024K, capacity 10868K, committed 10880K, reserved 1048576K
}
Event: 104.812 GC heap before
{Heap before GC invocations=35 (full 4):
 PSYoungGen      total 473600K, used 439712K [0x00000000e0000000, 0x00000000ff700000, 0x0000000100000000)
  eden space 433152K, 100% used [0x00000000e0000000,0x00000000fa700000,0x00000000fa700000)
  from space 40448K, 16% used [0x00000000fcf80000,0x00000000fd5e8020,0x00000000ff700000)
  to   space 40960K, 0% used [0x00000000fa700000,0x00000000fa700000,0x00000000fcf00000)
 ParOldGen       total 228352K, used 122181K [0x00000000a0000000, 0x00000000adf00000, 0x00000000e0000000)
  object space 228352K, 53% used [0x00000000a0000000,0x00000000a77514e0,0x00000000adf00000)
 Metaspace       used 77879K, capacity 81658K, committed 81880K, reserved 1120256K
  class space    used 10080K, capacity 10925K, committed 11008K, reserved 1048576K
Event: 104.861 GC heap after
Heap after GC invocations=35 (full 4):
 PSYoungGen      total 474112K, used 30985K [0x00000000e0000000, 0x0000000100000000, 0x0000000100000000)
  eden space 433152K, 0% used [0x00000000e0000000,0x00000000e0000000,0x00000000fa700000)
  from space 40960K, 75% used [0x00000000fa700000,0x00000000fc542760,0x00000000fcf00000)
  to   space 44544K, 0% used [0x00000000fd480000,0x00000000fd480000,0x0000000100000000)
 ParOldGen       total 228352K, used 126233K [0x00000000a0000000, 0x00000000adf00000, 0x00000000e0000000)
  object space 228352K, 55% used [0x00000000a0000000,0x00000000a7b46510,0x00000000adf00000)
 Metaspace       used 77879K, capacity 81658K, committed 81880K, reserved 1120256K
  class space    used 10080K, capacity 10925K, committed 11008K, reserved 1048576K
}

