# JRE version: OpenJDK Runtime Environment (8.0_152-b01) (build 1.8.0_152-release-915-b01)
# Java VM: OpenJDK 64-Bit Server VM (25.152-b01 mixed mode windows-amd64 compressed oops)
Heap:
 PSYoungGen      total 438784K, used 294479K [0x00000000e0000000, 0x00000000fec00000, 0x0000000100000000)
  eden space 391168K, 72% used [0x00000000e0000000,0x00000000f1581720,0x00000000f7e00000)
  from space 47616K, 21% used [0x00000000fbd80000,0x00000000fc792750,0x00000000fec00000)
  to   space 56320K, 0% used [0x00000000f7e00000,0x00000000f7e00000,0x00000000fb500000)
 ParOldGen       total 156160K, used 118849K [0x00000000a0000000, 0x00000000a9880000, 0x00000000e0000000)
  object space 156160K, 76% used [0x00000000a0000000,0x00000000a74105d8,0x00000000a9880000)
 Metaspace       used 83279K, capacity 88676K, committed 88960K, reserved 1126400K
  class space    used 10906K, capacity 12129K, committed 12160K, reserved 1048576K
GC Heap History (10 events):
Event: 3185.508 GC heap before
{Heap before GC invocations=15 (full 3):
 PSYoungGen      total 241152K, used 240740K [0x00000000e0000000, 0x00000000f5580000, 0x0000000100000000)
  eden space 222208K, 100% used [0x00000000e0000000,0x00000000ed900000,0x00000000ed900000)
  from space 18944K, 97% used [0x00000000f2380000,0x00000000f35990c8,0x00000000f3600000)
  to   space 30208K, 0% used [0x00000000f3800000,0x00000000f3800000,0x00000000f5580000)
 ParOldGen       total 156160K, used 48585K [0x00000000a0000000, 0x00000000a9880000, 0x00000000e0000000)
  object space 156160K, 31% used [0x00000000a0000000,0x00000000a2f72560,0x00000000a9880000)
 Metaspace       used 78784K, capacity 82890K, committed 83072K, reserved 1120256K
  class space    used 10370K, capacity 11319K, committed 11392K, reserved 1048576K
Event: 3185.578 GC heap after
Heap after GC invocations=15 (full 3):
 PSYoungGen      total 244736K, used 30197K [0x00000000e0000000, 0x00000000f5580000, 0x0000000100000000)
  eden space 214528K, 0% used [0x00000000e0000000,0x00000000e0000000,0x00000000ed180000)
  from space 30208K, 99% used [0x00000000f3800000,0x00000000f557d438,0x00000000f5580000)
  to   space 46592K, 0% used [0x00000000efa80000,0x00000000efa80000,0x00000000f2800000)
 ParOldGen       total 156160K, used 80805K [0x00000000a0000000, 0x00000000a9880000, 0x00000000e0000000)
  object space 156160K, 51% used [0x00000000a0000000,0x00000000a4ee94f0,0x00000000a9880000)
 Metaspace       used 78784K, capacity 82890K, committed 83072K, reserved 1120256K
  class space    used 10370K, capacity 11319K, committed 11392K, reserved 1048576K
}
Event: 3187.525 GC heap before
{Heap before GC invocations=16 (full 3):
 PSYoungGen      total 244736K, used 243996K [0x00000000e0000000, 0x00000000f5580000, 0x0000000100000000)
  eden space 214528K, 99% used [0x00000000e0000000,0x00000000ed0c9e40,0x00000000ed180000)
  from space 30208K, 99% used [0x00000000f3800000,0x00000000f557d438,0x00000000f5580000)
  to   space 46592K, 0% used [0x00000000efa80000,0x00000000efa80000,0x00000000f2800000)
 ParOldGen       total 156160K, used 80805K [0x00000000a0000000, 0x00000000a9880000, 0x00000000e0000000)
  object space 156160K, 51% used [0x00000000a0000000,0x00000000a4ee94f0,0x00000000a9880000)
 Metaspace       used 80655K, capacity 84864K, committed 85120K, reserved 1122304K
  class space    used 10598K, capacity 11548K, committed 11648K, reserved 1048576K
Event: 3187.592 GC heap after
Heap after GC invocations=16 (full 3):
 PSYoungGen      total 303104K, used 46584K [0x00000000e0000000, 0x00000000f7700000, 0x0000000100000000)
  eden space 256512K, 0% used [0x00000000e0000000,0x00000000e0000000,0x00000000efa80000)
  from space 46592K, 99% used [0x00000000efa80000,0x00000000f27fe0a8,0x00000000f2800000)
  to   space 55808K, 0% used [0x00000000f4080000,0x00000000f4080000,0x00000000f7700000)
 ParOldGen       total 156160K, used 84737K [0x00000000a0000000, 0x00000000a9880000, 0x00000000e0000000)
  object space 156160K, 54% used [0x00000000a0000000,0x00000000a52c0758,0x00000000a9880000)
 Metaspace       used 80655K, capacity 84864K, committed 85120K, reserved 1122304K
  class space    used 10598K, capacity 11548K, committed 11648K, reserved 1048576K
}
Event: 3187.661 GC heap before
{Heap before GC invocations=17 (full 3):
 PSYoungGen      total 303104K, used 302864K [0x00000000e0000000, 0x00000000f7700000, 0x0000000100000000)
  eden space 256512K, 99% used [0x00000000e0000000,0x00000000efa46188,0x00000000efa80000)
  from space 46592K, 99% used [0x00000000efa80000,0x00000000f27fe0a8,0x00000000f2800000)
  to   space 55808K, 0% used [0x00000000f4080000,0x00000000f4080000,0x00000000f7700000)
 ParOldGen       total 156160K, used 84737K [0x00000000a0000000, 0x00000000a9880000, 0x00000000e0000000)
  object space 156160K, 54% used [0x00000000a0000000,0x00000000a52c0758,0x00000000a9880000)
 Metaspace       used 80661K, capacity 84864K, committed 85120K, reserved 1122304K
  class space    used 10598K, capacity 11548K, committed 11648K, reserved 1048576K
Event: 3187.699 GC heap after
Heap after GC invocations=17 (full 3):
 PSYoungGen      total 324608K, used 41205K [0x00000000e0000000, 0x00000000fee00000, 0x0000000100000000)
  eden space 268800K, 0% used [0x00000000e0000000,0x00000000e0000000,0x00000000f0680000)
  from space 55808K, 73% used [0x00000000f4080000,0x00000000f68bd600,0x00000000f7700000)
  to   space 59392K, 0% used [0x00000000f0680000,0x00000000f0680000,0x00000000f4080000)
 ParOldGen       total 156160K, used 88077K [0x00000000a0000000, 0x00000000a9880000, 0x00000000e0000000)
  object space 156160K, 56% used [0x00000000a0000000,0x00000000a5603440,0x00000000a9880000)
 Metaspace       used 80661K, capacity 84864K, committed 85120K, reserved 1122304K
  class space    used 10598K, capacity 11548K, committed 11648K, reserved 1048576K
}
Event: 3374.928 GC heap before
{Heap before GC invocations=18 (full 3):
 PSYoungGen      total 324608K, used 310005K [0x00000000e0000000, 0x00000000fee00000, 0x0000000100000000)
  eden space 268800K, 100% used [0x00000000e0000000,0x00000000f0680000,0x00000000f0680000)
  from space 55808K, 73% used [0x00000000f4080000,0x00000000f68bd600,0x00000000f7700000)
  to   space 59392K, 0% used [0x00000000f0680000,0x00000000f0680000,0x00000000f4080000)
 ParOldGen       total 156160K, used 88077K [0x00000000a0000000, 0x00000000a9880000, 0x00000000e0000000)
  object space 156160K, 56% used [0x00000000a0000000,0x00000000a5603440,0x00000000a9880000)
 Metaspace       used 81828K, capacity 86408K, committed 86656K, reserved 1124352K
  class space    used 10758K, capacity 11790K, committed 11904K, reserved 1048576K
Event: 3374.966 GC heap after
Heap after GC invocations=18 (full 3):
 PSYoungGen      total 328192K, used 13938K [0x00000000e0000000, 0x00000000ff580000, 0x0000000100000000)
  eden space 268800K, 0% used [0x00000000e0000000,0x00000000e0000000,0x00000000f0680000)
  from space 59392K, 23% used [0x00000000f0680000,0x00000000f141c858,0x00000000f4080000)
  to   space 57344K, 0% used [0x00000000fbd80000,0x00000000fbd80000,0x00000000ff580000)
 ParOldGen       total 156160K, used 112602K [0x00000000a0000000, 0x00000000a9880000, 0x00000000e0000000)
  object space 156160K, 72% used [0x00000000a0000000,0x00000000a6df69b0,0x00000000a9880000)
 Metaspace       used 81828K, capacity 86408K, committed 86656K, reserved 1124352K
  class space    used 10758K, capacity 11790K, committed 11904K, reserved 1048576K
}
Event: 3551.728 GC heap before
{Heap before GC invocations=19 (full 3):
 PSYoungGen      total 328192K, used 282615K [0x00000000e0000000, 0x00000000ff580000, 0x0000000100000000)
  eden space 268800K, 99% used [0x00000000e0000000,0x00000000f0661458,0x00000000f0680000)
  from space 59392K, 23% used [0x00000000f0680000,0x00000000f141c858,0x00000000f4080000)
  to   space 57344K, 0% used [0x00000000fbd80000,0x00000000fbd80000,0x00000000ff580000)
 ParOldGen       total 156160K, used 112602K [0x00000000a0000000, 0x00000000a9880000, 0x00000000e0000000)
  object space 156160K, 72% used [0x00000000a0000000,0x00000000a6df69b0,0x00000000a9880000)
 Metaspace       used 82177K, capacity 86838K, committed 86912K, reserved 1124352K
  class space    used 10774K, capacity 11839K, committed 11904K, reserved 1048576K
Event: 3551.742 GC heap after
Heap after GC invocations=19 (full 3):
 PSYoungGen      total 438784K, used 10313K [0x00000000e0000000, 0x00000000fec00000, 0x0000000100000000)
  eden space 391168K, 0% used [0x00000000e0000000,0x00000000e0000000,0x00000000f7e00000)
  from space 47616K, 21% used [0x00000000fbd80000,0x00000000fc792750,0x00000000fec00000)
  to   space 56320K, 0% used [0x00000000f7e00000,0x00000000f7e00000,0x00000000fb500000)
 ParOldGen       total 156160K, used 118849K [0x00000000a0000000, 0x00000000a9880000, 0x00000000e0000000)
  object space 156160K, 76% used [0x00000000a0000000,0x00000000a74105d8,0x00000000a9880000)
 Metaspace       used 82177K, capacity 86838K, committed 86912K, reserved 1124352K
  class space    used 10774K, capacity 11839K, committed 11904K, reserved 1048576K
}

