# JRE version: OpenJDK Runtime Environment (8.0_152-b01) (build 1.8.0_152-release-915-b01)
# Java VM: OpenJDK 64-Bit Server VM (25.152-b01 mixed mode windows-amd64 compressed oops)
Heap:
 PSYoungGen      total 420352K, used 288971K [0x00000000e0000000, 0x00000000fc680000, 0x0000000100000000)
  eden space 391680K, 73% used [0x00000000e0000000,0x00000000f1a32c98,0x00000000f7e80000)
  from space 28672K, 0% used [0x00000000faa80000,0x00000000faa80000,0x00000000fc680000)
  to   space 36864K, 0% used [0x00000000f7e80000,0x00000000f7e80000,0x00000000fa280000)
 ParOldGen       total 178176K, used 60394K [0x00000000a0000000, 0x00000000aae00000, 0x00000000e0000000)
  object space 178176K, 33% used [0x00000000a0000000,0x00000000a3afaa50,0x00000000aae00000)
 Metaspace       used 73114K, capacity 77050K, committed 77184K, reserved 1116160K
  class space    used 9653K, capacity 10601K, committed 10624K, reserved 1048576K
GC Heap History (10 events):
Event: 188.519 GC heap before
{Heap before GC invocations=16 (full 3):
 PSYoungGen      total 274944K, used 274567K [0x00000000e0000000, 0x00000000f3380000, 0x0000000100000000)
  eden space 264192K, 100% used [0x00000000e0000000,0x00000000f0200000,0x00000000f0200000)
  from space 10752K, 96% used [0x00000000f2900000,0x00000000f3321ed8,0x00000000f3380000)
  to   space 19968K, 0% used [0x00000000f0c80000,0x00000000f0c80000,0x00000000f2000000)
 ParOldGen       total 133120K, used 47351K [0x00000000a0000000, 0x00000000a8200000, 0x00000000e0000000)
  object space 133120K, 35% used [0x00000000a0000000,0x00000000a2e3de50,0x00000000a8200000)
 Metaspace       used 65216K, capacity 68622K, committed 68736K, reserved 1107968K
  class space    used 8702K, capacity 9507K, committed 9600K, reserved 1048576K
Event: 188.535 GC heap after
Heap after GC invocations=16 (full 3):
 PSYoungGen      total 294912K, used 15094K [0x00000000e0000000, 0x00000000f6280000, 0x0000000100000000)
  eden space 274944K, 0% used [0x00000000e0000000,0x00000000e0000000,0x00000000f0c80000)
  from space 19968K, 75% used [0x00000000f0c80000,0x00000000f1b3da48,0x00000000f2000000)
  to   space 20480K, 0% used [0x00000000f4e80000,0x00000000f4e80000,0x00000000f6280000)
 ParOldGen       total 133120K, used 47359K [0x00000000a0000000, 0x00000000a8200000, 0x00000000e0000000)
  object space 133120K, 35% used [0x00000000a0000000,0x00000000a2e3fe50,0x00000000a8200000)
 Metaspace       used 65216K, capacity 68622K, committed 68736K, reserved 1107968K
  class space    used 8702K, capacity 9507K, committed 9600K, reserved 1048576K
}
Event: 189.644 GC heap before
{Heap before GC invocations=17 (full 3):
 PSYoungGen      total 294912K, used 290038K [0x00000000e0000000, 0x00000000f6280000, 0x0000000100000000)
  eden space 274944K, 100% used [0x00000000e0000000,0x00000000f0c80000,0x00000000f0c80000)
  from space 19968K, 75% used [0x00000000f0c80000,0x00000000f1b3da48,0x00000000f2000000)
  to   space 20480K, 0% used [0x00000000f4e80000,0x00000000f4e80000,0x00000000f6280000)
 ParOldGen       total 133120K, used 47359K [0x00000000a0000000, 0x00000000a8200000, 0x00000000e0000000)
  object space 133120K, 35% used [0x00000000a0000000,0x00000000a2e3fe50,0x00000000a8200000)
 Metaspace       used 66025K, capacity 69500K, committed 69632K, reserved 1110016K
  class space    used 8787K, capacity 9606K, committed 9728K, reserved 1048576K
Event: 189.714 GC heap after
Heap after GC invocations=17 (full 3):
 PSYoungGen      total 324096K, used 20450K [0x00000000e0000000, 0x00000000fb600000, 0x0000000100000000)
  eden space 303616K, 0% used [0x00000000e0000000,0x00000000e0000000,0x00000000f2880000)
  from space 20480K, 99% used [0x00000000f4e80000,0x00000000f6278988,0x00000000f6280000)
  to   space 38912K, 0% used [0x00000000f2880000,0x00000000f2880000,0x00000000f4e80000)
 ParOldGen       total 133120K, used 89714K [0x00000000a0000000, 0x00000000a8200000, 0x00000000e0000000)
  object space 133120K, 67% used [0x00000000a0000000,0x00000000a579cbb8,0x00000000a8200000)
 Metaspace       used 66025K, capacity 69500K, committed 69632K, reserved 1110016K
  class space    used 8787K, capacity 9606K, committed 9728K, reserved 1048576K
}
Event: 193.524 GC heap before
{Heap before GC invocations=18 (full 3):
 PSYoungGen      total 324096K, used 324066K [0x00000000e0000000, 0x00000000fb600000, 0x0000000100000000)
  eden space 303616K, 100% used [0x00000000e0000000,0x00000000f2880000,0x00000000f2880000)
  from space 20480K, 99% used [0x00000000f4e80000,0x00000000f6278988,0x00000000f6280000)
  to   space 38912K, 0% used [0x00000000f2880000,0x00000000f2880000,0x00000000f4e80000)
 ParOldGen       total 133120K, used 89714K [0x00000000a0000000, 0x00000000a8200000, 0x00000000e0000000)
  object space 133120K, 67% used [0x00000000a0000000,0x00000000a579cbb8,0x00000000a8200000)
 Metaspace       used 67097K, capacity 70588K, committed 70784K, reserved 1110016K
  class space    used 8916K, capacity 9768K, committed 9856K, reserved 1048576K
Event: 193.547 GC heap after
Heap after GC invocations=18 (full 3):
 PSYoungGen      total 342528K, used 15310K [0x00000000e0000000, 0x00000000fce80000, 0x0000000100000000)
  eden space 303616K, 0% used [0x00000000e0000000,0x00000000e0000000,0x00000000f2880000)
  from space 38912K, 39% used [0x00000000f2880000,0x00000000f3773b98,0x00000000f4e80000)
  to   space 36864K, 0% used [0x00000000faa80000,0x00000000faa80000,0x00000000fce80000)
 ParOldGen       total 133120K, used 100184K [0x00000000a0000000, 0x00000000a8200000, 0x00000000e0000000)
  object space 133120K, 75% used [0x00000000a0000000,0x00000000a61d62f0,0x00000000a8200000)
 Metaspace       used 67097K, capacity 70588K, committed 70784K, reserved 1110016K
  class space    used 8916K, capacity 9768K, committed 9856K, reserved 1048576K
}
Event: 195.011 GC heap before
{Heap before GC invocations=19 (full 3):
 PSYoungGen      total 342528K, used 318425K [0x00000000e0000000, 0x00000000fce80000, 0x0000000100000000)
  eden space 303616K, 99% used [0x00000000e0000000,0x00000000f2802b50,0x00000000f2880000)
  from space 38912K, 39% used [0x00000000f2880000,0x00000000f3773b98,0x00000000f4e80000)
  to   space 36864K, 0% used [0x00000000faa80000,0x00000000faa80000,0x00000000fce80000)
 ParOldGen       total 133120K, used 100184K [0x00000000a0000000, 0x00000000a8200000, 0x00000000e0000000)
  object space 133120K, 75% used [0x00000000a0000000,0x00000000a61d62f0,0x00000000a8200000)
 Metaspace       used 67259K, capacity 70824K, committed 71040K, reserved 1110016K
  class space    used 8920K, capacity 9774K, committed 9856K, reserved 1048576K
Event: 195.020 GC heap after
Heap after GC invocations=19 (full 3):
 PSYoungGen      total 420352K, used 2463K [0x00000000e0000000, 0x00000000fc680000, 0x0000000100000000)
  eden space 391680K, 0% used [0x00000000e0000000,0x00000000e0000000,0x00000000f7e80000)
  from space 28672K, 8% used [0x00000000faa80000,0x00000000face7fe0,0x00000000fc680000)
  to   space 36864K, 0% used [0x00000000f7e80000,0x00000000f7e80000,0x00000000fa280000)
 ParOldGen       total 133120K, used 110348K [0x00000000a0000000, 0x00000000a8200000, 0x00000000e0000000)
  object space 133120K, 82% used [0x00000000a0000000,0x00000000a6bc3190,0x00000000a8200000)
 Metaspace       used 67259K, capacity 70824K, committed 71040K, reserved 1110016K
  class space    used 8920K, capacity 9774K, committed 9856K, reserved 1048576K
}
Event: 195.020 GC heap before
{Heap before GC invocations=20 (full 4):
 PSYoungGen      total 420352K, used 2463K [0x00000000e0000000, 0x00000000fc680000, 0x0000000100000000)
  eden space 391680K, 0% used [0x00000000e0000000,0x00000000e0000000,0x00000000f7e80000)
  from space 28672K, 8% used [0x00000000faa80000,0x00000000face7fe0,0x00000000fc680000)
  to   space 36864K, 0% used [0x00000000f7e80000,0x00000000f7e80000,0x00000000fa280000)
 ParOldGen       total 133120K, used 110348K [0x00000000a0000000, 0x00000000a8200000, 0x00000000e0000000)
  object space 133120K, 82% used [0x00000000a0000000,0x00000000a6bc3190,0x00000000a8200000)
 Metaspace       used 67259K, capacity 70824K, committed 71040K, reserved 1110016K
  class space    used 8920K, capacity 9774K, committed 9856K, reserved 1048576K
Event: 195.176 GC heap after
Heap after GC invocations=20 (full 4):
 PSYoungGen      total 420352K, used 0K [0x00000000e0000000, 0x00000000fc680000, 0x0000000100000000)
  eden space 391680K, 0% used [0x00000000e0000000,0x00000000e0000000,0x00000000f7e80000)
  from space 28672K, 0% used [0x00000000faa80000,0x00000000faa80000,0x00000000fc680000)
  to   space 36864K, 0% used [0x00000000f7e80000,0x00000000f7e80000,0x00000000fa280000)
 ParOldGen       total 178176K, used 60394K [0x00000000a0000000, 0x00000000aae00000, 0x00000000e0000000)
  object space 178176K, 33% used [0x00000000a0000000,0x00000000a3afaa50,0x00000000aae00000)
 Metaspace       used 67259K, capacity 70824K, committed 71040K, reserved 1110016K
  class space    used 8920K, capacity 9774K, committed 9856K, reserved 1048576K
}

