# JRE version: OpenJDK Runtime Environment (8.0_152-b01) (build 1.8.0_152-release-915-b01)
# Java VM: OpenJDK 64-Bit Server VM (25.152-b01 mixed mode windows-amd64 compressed oops)
Heap:
 PSYoungGen      total 251392K, used 155626K [0x00000000e0000000, 0x00000000f5d80000, 0x0000000100000000)
  eden space 201216K, 59% used [0x00000000e0000000,0x00000000e74f1860,0x00000000ec480000)
  from space 50176K, 71% used [0x00000000efa00000,0x00000000f1d090c8,0x00000000f2b00000)
  to   space 54784K, 0% used [0x00000000ec480000,0x00000000ec480000,0x00000000efa00000)
 ParOldGen       total 156160K, used 93601K [0x00000000a0000000, 0x00000000a9880000, 0x00000000e0000000)
  object space 156160K, 59% used [0x00000000a0000000,0x00000000a5b68430,0x00000000a9880000)
 Metaspace       used 86258K, capacity 90854K, committed 91136K, reserved 1128448K
  class space    used 10881K, capacity 11947K, committed 12032K, reserved 1048576K
GC Heap History (10 events):
Event: 787.680 GC heap before
{Heap before GC invocations=27 (full 3):
 PSYoungGen      total 203776K, used 203641K [0x00000000e0000000, 0x00000000f0800000, 0x0000000100000000)
  eden space 176128K, 100% used [0x00000000e0000000,0x00000000eac00000,0x00000000eac00000)
  from space 27648K, 99% used [0x00000000eb180000,0x00000000ecc5e5f8,0x00000000ecc80000)
  to   space 47104K, 0% used [0x00000000eda00000,0x00000000eda00000,0x00000000f0800000)
 ParOldGen       total 156160K, used 69476K [0x00000000a0000000, 0x00000000a9880000, 0x00000000e0000000)
  object space 156160K, 44% used [0x00000000a0000000,0x00000000a43d93c0,0x00000000a9880000)
 Metaspace       used 85565K, capacity 90138K, committed 90240K, reserved 1128448K
  class space    used 10822K, capacity 11871K, committed 11904K, reserved 1048576K
Event: 787.721 GC heap after
Heap after GC invocations=27 (full 3):
 PSYoungGen      total 216064K, used 32804K [0x00000000e0000000, 0x00000000f0600000, 0x0000000100000000)
  eden space 171008K, 0% used [0x00000000e0000000,0x00000000e0000000,0x00000000ea700000)
  from space 45056K, 72% used [0x00000000eda00000,0x00000000efa09380,0x00000000f0600000)
  to   space 48640K, 0% used [0x00000000ea700000,0x00000000ea700000,0x00000000ed680000)
 ParOldGen       total 156160K, used 69484K [0x00000000a0000000, 0x00000000a9880000, 0x00000000e0000000)
  object space 156160K, 44% used [0x00000000a0000000,0x00000000a43db3c0,0x00000000a9880000)
 Metaspace       used 85565K, capacity 90138K, committed 90240K, reserved 1128448K
  class space    used 10822K, capacity 11871K, committed 11904K, reserved 1048576K
}
Event: 788.374 GC heap before
{Heap before GC invocations=28 (full 3):
 PSYoungGen      total 216064K, used 203812K [0x00000000e0000000, 0x00000000f0600000, 0x0000000100000000)
  eden space 171008K, 100% used [0x00000000e0000000,0x00000000ea700000,0x00000000ea700000)
  from space 45056K, 72% used [0x00000000eda00000,0x00000000efa09380,0x00000000f0600000)
  to   space 48640K, 0% used [0x00000000ea700000,0x00000000ea700000,0x00000000ed680000)
 ParOldGen       total 156160K, used 69484K [0x00000000a0000000, 0x00000000a9880000, 0x00000000e0000000)
  object space 156160K, 44% used [0x00000000a0000000,0x00000000a43db3c0,0x00000000a9880000)
 Metaspace       used 85661K, capacity 90270K, committed 90496K, reserved 1128448K
  class space    used 10822K, capacity 11871K, committed 11904K, reserved 1048576K
Event: 788.443 GC heap after
Heap after GC invocations=28 (full 3):
 PSYoungGen      total 219648K, used 33833K [0x00000000e0000000, 0x00000000f2b00000, 0x0000000100000000)
  eden space 171008K, 0% used [0x00000000e0000000,0x00000000e0000000,0x00000000ea700000)
  from space 48640K, 69% used [0x00000000ea700000,0x00000000ec80a4f8,0x00000000ed680000)
  to   space 50176K, 0% used [0x00000000efa00000,0x00000000efa00000,0x00000000f2b00000)
 ParOldGen       total 156160K, used 69492K [0x00000000a0000000, 0x00000000a9880000, 0x00000000e0000000)
  object space 156160K, 44% used [0x00000000a0000000,0x00000000a43dd3c0,0x00000000a9880000)
 Metaspace       used 85661K, capacity 90270K, committed 90496K, reserved 1128448K
  class space    used 10822K, capacity 11871K, committed 11904K, reserved 1048576K
}
Event: 789.057 GC heap before
{Heap before GC invocations=29 (full 3):
 PSYoungGen      total 219648K, used 204841K [0x00000000e0000000, 0x00000000f2b00000, 0x0000000100000000)
  eden space 171008K, 100% used [0x00000000e0000000,0x00000000ea700000,0x00000000ea700000)
  from space 48640K, 69% used [0x00000000ea700000,0x00000000ec80a4f8,0x00000000ed680000)
  to   space 50176K, 0% used [0x00000000efa00000,0x00000000efa00000,0x00000000f2b00000)
 ParOldGen       total 156160K, used 69492K [0x00000000a0000000, 0x00000000a9880000, 0x00000000e0000000)
  object space 156160K, 44% used [0x00000000a0000000,0x00000000a43dd3c0,0x00000000a9880000)
 Metaspace       used 85683K, capacity 90270K, committed 90496K, reserved 1128448K
  class space    used 10822K, capacity 11871K, committed 11904K, reserved 1048576K
Event: 789.107 GC heap after
Heap after GC invocations=29 (full 3):
 PSYoungGen      total 254464K, used 33893K [0x00000000e0000000, 0x00000000f3200000, 0x0000000100000000)
  eden space 204288K, 0% used [0x00000000e0000000,0x00000000e0000000,0x00000000ec780000)
  from space 50176K, 67% used [0x00000000efa00000,0x00000000f1b194b8,0x00000000f2b00000)
  to   space 51712K, 0% used [0x00000000ec780000,0x00000000ec780000,0x00000000efa00000)
 ParOldGen       total 156160K, used 70590K [0x00000000a0000000, 0x00000000a9880000, 0x00000000e0000000)
  object space 156160K, 45% used [0x00000000a0000000,0x00000000a44efa18,0x00000000a9880000)
 Metaspace       used 85683K, capacity 90270K, committed 90496K, reserved 1128448K
  class space    used 10822K, capacity 11871K, committed 11904K, reserved 1048576K
}
Event: 790.488 GC heap before
{Heap before GC invocations=30 (full 3):
 PSYoungGen      total 254464K, used 238181K [0x00000000e0000000, 0x00000000f3200000, 0x0000000100000000)
  eden space 204288K, 100% used [0x00000000e0000000,0x00000000ec780000,0x00000000ec780000)
  from space 50176K, 67% used [0x00000000efa00000,0x00000000f1b194b8,0x00000000f2b00000)
  to   space 51712K, 0% used [0x00000000ec780000,0x00000000ec780000,0x00000000efa00000)
 ParOldGen       total 156160K, used 70590K [0x00000000a0000000, 0x00000000a9880000, 0x00000000e0000000)
  object space 156160K, 45% used [0x00000000a0000000,0x00000000a44efa18,0x00000000a9880000)
 Metaspace       used 85816K, capacity 90416K, committed 90496K, reserved 1128448K
  class space    used 10834K, capacity 11874K, committed 11904K, reserved 1048576K
Event: 790.553 GC heap after
Heap after GC invocations=30 (full 3):
 PSYoungGen      total 256000K, used 38013K [0x00000000e0000000, 0x00000000f3200000, 0x0000000100000000)
  eden space 204288K, 0% used [0x00000000e0000000,0x00000000e0000000,0x00000000ec780000)
  from space 51712K, 73% used [0x00000000ec780000,0x00000000eec9f530,0x00000000efa00000)
  to   space 50176K, 0% used [0x00000000efa00000,0x00000000efa00000,0x00000000f2b00000)
 ParOldGen       total 156160K, used 83458K [0x00000000a0000000, 0x00000000a9880000, 0x00000000e0000000)
  object space 156160K, 53% used [0x00000000a0000000,0x00000000a51809d0,0x00000000a9880000)
 Metaspace       used 85816K, capacity 90416K, committed 90496K, reserved 1128448K
  class space    used 10834K, capacity 11874K, committed 11904K, reserved 1048576K
}
Event: 795.814 GC heap before
{Heap before GC invocations=31 (full 3):
 PSYoungGen      total 256000K, used 242301K [0x00000000e0000000, 0x00000000f3200000, 0x0000000100000000)
  eden space 204288K, 100% used [0x00000000e0000000,0x00000000ec780000,0x00000000ec780000)
  from space 51712K, 73% used [0x00000000ec780000,0x00000000eec9f530,0x00000000efa00000)
  to   space 50176K, 0% used [0x00000000efa00000,0x00000000efa00000,0x00000000f2b00000)
 ParOldGen       total 156160K, used 83458K [0x00000000a0000000, 0x00000000a9880000, 0x00000000e0000000)
  object space 156160K, 53% used [0x00000000a0000000,0x00000000a51809d0,0x00000000a9880000)
 Metaspace       used 86100K, capacity 90692K, committed 90880K, reserved 1128448K
  class space    used 10865K, capacity 11914K, committed 12032K, reserved 1048576K
Event: 795.851 GC heap after
Heap after GC invocations=31 (full 3):
 PSYoungGen      total 251392K, used 35876K [0x00000000e0000000, 0x00000000f5d80000, 0x0000000100000000)
  eden space 201216K, 0% used [0x00000000e0000000,0x00000000e0000000,0x00000000ec480000)
  from space 50176K, 71% used [0x00000000efa00000,0x00000000f1d090c8,0x00000000f2b00000)
  to   space 54784K, 0% used [0x00000000ec480000,0x00000000ec480000,0x00000000efa00000)
 ParOldGen       total 156160K, used 93601K [0x00000000a0000000, 0x00000000a9880000, 0x00000000e0000000)
  object space 156160K, 59% used [0x00000000a0000000,0x00000000a5b68430,0x00000000a9880000)
 Metaspace       used 86100K, capacity 90692K, committed 90880K, reserved 1128448K
  class space    used 10865K, capacity 11914K, committed 12032K, reserved 1048576K
}

